2022-07-02 08:09:11.683 DEBUG [main] [Horse.<init>(Horse.java:32)] - Создание Horse, имя [testSpeed], скорость [3.0]
2022-07-02 08:09:11.714 ERROR [main] [Horse.<init>(Horse.java:25)] - Distance is negative
2022-07-02 08:09:12.636 ERROR [main] [Horse.<init>(Horse.java:21)] - Speed is negative
2022-07-02 08:09:12.651 DEBUG [main] [Horse.<init>(Horse.java:32)] - Создание Horse, имя [Name], скорость [1.0]
2022-07-02 08:09:12.651 ERROR [main] [Horse.<init>(Horse.java:14)] - Name is null
2022-07-02 08:09:12.761 ERROR [main] [Horse.<init>(Horse.java:17)] - Name is blank
2022-07-02 08:09:12.761 ERROR [main] [Horse.<init>(Horse.java:17)] - Name is blank
2022-07-02 08:09:12.776 ERROR [main] [Horse.<init>(Horse.java:17)] - Name is blank
2022-07-02 08:09:12.776 DEBUG [main] [Horse.<init>(Horse.java:32)] - Создание Horse, имя [testSpeed], скорость [1.0]
2022-07-02 08:09:12.776 DEBUG [main] [Horse.<init>(Horse.java:32)] - Создание Horse, имя [testSpeed], скорость [1.0]
2022-07-02 08:09:31.353 DEBUG [main] [Horse.<init>(Horse.java:32)] - Создание Horse, имя [testSpeed], скорость [3.0]
2022-07-02 08:09:31.368 ERROR [main] [Horse.<init>(Horse.java:25)] - Distance is negative
2022-07-02 08:09:32.337 ERROR [main] [Horse.<init>(Horse.java:21)] - Speed is negative
2022-07-02 08:09:32.337 DEBUG [main] [Horse.<init>(Horse.java:32)] - Создание Horse, имя [Name], скорость [1.0]
2022-07-02 08:09:32.337 ERROR [main] [Horse.<init>(Horse.java:14)] - Name is null
2022-07-02 08:09:32.431 ERROR [main] [Horse.<init>(Horse.java:17)] - Name is blank
2022-07-02 08:09:32.431 ERROR [main] [Horse.<init>(Horse.java:17)] - Name is blank
2022-07-02 08:09:32.446 ERROR [main] [Horse.<init>(Horse.java:17)] - Name is blank
2022-07-02 08:09:32.446 DEBUG [main] [Horse.<init>(Horse.java:32)] - Создание Horse, имя [testSpeed], скорость [1.0]
2022-07-02 08:09:32.446 DEBUG [main] [Horse.<init>(Horse.java:32)] - Создание Horse, имя [testSpeed], скорость [1.0]
